<?xml version="1.0" encoding="UTF-8"?>
<!-- Generated by org.testng.reporters.JUnitReportReporter -->
<testsuite hostname="DESKTOP-NADPCQ4" failures="0" tests="2" name="testNGPackage.Remo" time="0.023" errors="0" timestamp="2023-11-28T12:28:15 IST" skipped="0">
  <testcase classname="testNGPackage.Remo" name="method1" time="0.022">
    <system-out>
      <![CDATA[Method1 from Remo Class]]>
    </system-out>
  </testcase> <!-- method1 -->
  <testcase classname="testNGPackage.Remo" name="method2" time="0.001">
    <system-out>
      <![CDATA[Method2 from Remo Class]]>
    </system-out>
  </testcase> <!-- method2 -->
  <system-out>
    <![CDATA[Method1 from Remo Class
Method2 from Remo Class]]>
  </system-out>
</testsuite> <!-- testNGPackage.Remo -->
