<?xml version="1.0" encoding="UTF-8"?>
<!-- Generated by org.testng.reporters.JUnitReportReporter -->
<testsuite hostname="DESKTOP-NADPCQ4" failures="0" tests="2" name="testNGAnnotations_Flags.GoogleSearchTest" time="28.511" errors="0" timestamp="2023-12-01T12:29:04 IST" skipped="0">
  <testcase classname="testNGAnnotations_Flags.GoogleSearchTest" name="searchSelenium" time="12.396"/>
  <testcase classname="testNGAnnotations_Flags.GoogleSearchTest" name="searchJava" time="16.115"/>
</testsuite> <!-- testNGAnnotations_Flags.GoogleSearchTest -->
