<?xml version="1.0" encoding="UTF-8"?>
<!-- Generated by org.testng.reporters.JUnitReportReporter -->
<testsuite hostname="DESKTOP-NADPCQ4" failures="0" tests="1" name="testNGExecutionPackage.SqlTest" time="18.424" errors="0" timestamp="2023-11-30T11:51:39 IST" skipped="0">
  <testcase classname="testNGExecutionPackage.SqlTest" name="sql_method" time="18.424"/>
</testsuite> <!-- testNGExecutionPackage.SqlTest -->
