<?xml version="1.0" encoding="UTF-8"?>
<!-- Generated by org.testng.reporters.JUnitReportReporter -->
<testsuite hostname="DESKTOP-NADPCQ4" failures="0" tests="2" name="testNGExecutionPackage.SeleniumTest" time="30.673" errors="0" timestamp="2023-11-30T12:19:32 IST" skipped="0">
  <testcase classname="testNGExecutionPackage.SeleniumTest" name="selenium_method" time="18.819"/>
  <testcase classname="testNGExecutionPackage.SeleniumTest" name="selenium_method" time="11.854"/>
</testsuite> <!-- testNGExecutionPackage.SeleniumTest -->
