<?xml version="1.0" encoding="UTF-8"?>
<!-- Generated by org.testng.reporters.JUnitReportReporter -->
<testsuite hostname="DESKTOP-NADPCQ4" failures="0" tests="1" name="testNGPackage.Sumo" time="0.019" errors="0" timestamp="2023-11-28T12:28:31 IST" skipped="0">
  <testcase classname="testNGPackage.Sumo" name="method1" time="0.019">
    <system-out>
      <![CDATA[Method1 from Sumo Class]]>
    </system-out>
  </testcase> <!-- method1 -->
  <system-out>
    <![CDATA[Method1 from Sumo Class]]>
  </system-out>
</testsuite> <!-- testNGPackage.Sumo -->
