<?xml version="1.0" encoding="UTF-8"?>
<!-- Generated by org.testng.reporters.JUnitReportReporter -->
<testsuite hostname="DESKTOP-NADPCQ4" failures="0" tests="2" name="testNGExecutionPackage.JavaTest" time="23.683" errors="0" timestamp="2023-11-30T12:19:32 IST" skipped="0">
  <testcase classname="testNGExecutionPackage.JavaTest" name="java_method" time="9.249"/>
  <testcase classname="testNGExecutionPackage.JavaTest" name="java_method" time="14.434"/>
</testsuite> <!-- testNGExecutionPackage.JavaTest -->
