<?xml version="1.0" encoding="UTF-8"?>
<!-- Generated by org.testng.reporters.JUnitReportReporter -->
<testsuite hostname="DESKTOP-NADPCQ4" failures="0" tests="1" name="testNGExecutionPackage.JavaTest" time="15.045" errors="0" timestamp="2023-11-28T12:53:51 IST" skipped="0">
  <testcase classname="testNGExecutionPackage.JavaTest" name="java_method" time="15.045"/>
</testsuite> <!-- testNGExecutionPackage.JavaTest -->
