<?xml version="1.0" encoding="UTF-8"?>
<!-- Generated by org.testng.reporters.JUnitReportReporter -->
<testsuite hostname="DESKTOP-NADPCQ4" failures="0" tests="6" name="testNGAnnotations_Flags.Flag3" time="0.024" errors="0" timestamp="2023-12-04T12:28:06 IST" skipped="0">
  <testcase classname="testNGAnnotations_Flags.Flag3" name="k" time="0.017">
    <system-out>
      <![CDATA[k]]>
    </system-out>
  </testcase> <!-- k -->
  <testcase classname="testNGAnnotations_Flags.Flag3" name="s" time="0.002">
    <system-out>
      <![CDATA[s]]>
    </system-out>
  </testcase> <!-- s -->
  <testcase classname="testNGAnnotations_Flags.Flag3" name="a" time="0.001">
    <system-out>
      <![CDATA[a]]>
    </system-out>
  </testcase> <!-- a -->
  <testcase classname="testNGAnnotations_Flags.Flag3" name="p" time="0.002">
    <system-out>
      <![CDATA[p]]>
    </system-out>
  </testcase> <!-- p -->
  <testcase classname="testNGAnnotations_Flags.Flag3" name="f" time="0.001">
    <system-out>
      <![CDATA[f]]>
    </system-out>
  </testcase> <!-- f -->
  <testcase classname="testNGAnnotations_Flags.Flag3" name="h" time="0.001">
    <system-out>
      <![CDATA[h]]>
    </system-out>
  </testcase> <!-- h -->
  <system-out>
    <![CDATA[k
s
a
f
p
h]]>
  </system-out>
</testsuite> <!-- testNGAnnotations_Flags.Flag3 -->
