<?xml version="1.0" encoding="UTF-8"?>
<!-- Generated by org.testng.reporters.JUnitReportReporter -->
<testsuite hostname="DESKTOP-NADPCQ4" failures="0" tests="2" name="testNGExecutionPackage.Test3" time="0.024" errors="0" timestamp="2023-11-30T12:04:24 IST" skipped="0">
  <testcase classname="testNGExecutionPackage.Test3" name="fmethod1" time="0.021">
    <system-out>
      <![CDATA[method1 from Test3 Class]]>
    </system-out>
  </testcase> <!-- fmethod1 -->
  <testcase classname="testNGExecutionPackage.Test3" name="fmethod2" time="0.003">
    <system-out>
      <![CDATA[method2 from Test3 Class]]>
    </system-out>
  </testcase> <!-- fmethod2 -->
  <system-out>
    <![CDATA[method1 from Test3 Class
method1 from Test1 Class
method2 from Test1 Class
method2 from Test2 Class5
method1 from Test2 Class
method2 from Test3 Class]]>
  </system-out>
</testsuite> <!-- testNGExecutionPackage.Test3 -->
