<?xml version="1.0" encoding="UTF-8"?>
<!-- Generated by org.testng.reporters.JUnitReportReporter -->
<testsuite hostname="DESKTOP-NADPCQ4" failures="0" tests="4" name="testNGAnnotations_Flags.AnnotationsClass" time="0.020" errors="0" timestamp="2023-12-01T11:52:08 IST" skipped="0">
  <testcase classname="testNGAnnotations_Flags.AnnotationsClass" name="annotation_Test_Method" time="0.015">
    <system-out>
      <![CDATA[Test annotation]]>
    </system-out>
  </testcase> <!-- annotation_Test_Method -->
  <testcase classname="testNGAnnotations_Flags.AnnotationsClass" name="annotation_Test_Method1" time="0.003">
    <system-out>
      <![CDATA[Test annotation 1]]>
    </system-out>
  </testcase> <!-- annotation_Test_Method1 -->
  <testcase classname="testNGAnnotations_Flags.AnnotationsClass" name="annotation_Test_Method2" time="0.001">
    <system-out>
      <![CDATA[Test annotation 2]]>
    </system-out>
  </testcase> <!-- annotation_Test_Method2 -->
  <testcase classname="testNGAnnotations_Flags.AnnotationsClass" name="annotation_Test_Method3" time="0.001">
    <system-out>
      <![CDATA[Test annotation 3]]>
    </system-out>
  </testcase> <!-- annotation_Test_Method3 -->
  <system-out>
    <![CDATA[Before Suite annotation
Before Test annotation
BeforeClass annotation
Before Method annotation
Test annotation
After Method annotation
Before Method annotation
Test annotation 1
After Method annotation
Before Method annotation
Test annotation 2
After Method annotation
Before Method annotation
Test annotation 3
After Method annotation
AfterClass annotation
After Test annotation
AfterSuite annotation]]>
  </system-out>
</testsuite> <!-- testNGAnnotations_Flags.AnnotationsClass -->
