<?xml version="1.0" encoding="UTF-8"?>
<!-- Generated by org.testng.reporters.JUnitReportReporter -->
<testsuite hostname="DESKTOP-NADPCQ4" failures="0" tests="1" name="testNGExecutionPackage.SqlTest" time="13.167" errors="0" timestamp="2023-11-28T12:53:51 IST" skipped="0">
  <testcase classname="testNGExecutionPackage.SqlTest" name="sql_method" time="13.167"/>
</testsuite> <!-- testNGExecutionPackage.SqlTest -->
