<?xml version="1.0" encoding="UTF-8"?>
<!-- Generated by org.testng.reporters.JUnitReportReporter -->
<testsuite hostname="DESKTOP-NADPCQ4" failures="0" tests="1" name="testNGAssertation.AssertationScriptOnOrangeHRM" time="3.414" errors="0" timestamp="2023-12-05T12:48:07 IST" skipped="0">
  <testcase classname="testNGAssertation.AssertationScriptOnOrangeHRM" name="testMethod" time="3.414">
    <system-out>
      <![CDATA[User Created]]>
    </system-out>
  </testcase> <!-- testMethod -->
  <system-out>
    <![CDATA[User Created]]>
  </system-out>
</testsuite> <!-- testNGAssertation.AssertationScriptOnOrangeHRM -->
