<?xml version="1.0" encoding="UTF-8"?>
<!-- Generated by org.testng.reporters.JUnitReportReporter -->
<testsuite hostname="SmitaMahajan" failures="0" tests="5" name="testNGAnnotations_Flags.ActiTimeDataProviderFlag" time="53.555" errors="0" timestamp="2023-12-07T13:07:08 IST" skipped="0">
  <testcase classname="testNGAnnotations_Flags.ActiTimeDataProviderFlag" name="invalidLoginmethod" time="10.792"/>
  <testcase classname="testNGAnnotations_Flags.ActiTimeDataProviderFlag" name="invalidLoginmethod" time="10.523"/>
  <testcase classname="testNGAnnotations_Flags.ActiTimeDataProviderFlag" name="invalidLoginmethod" time="11.270"/>
  <testcase classname="testNGAnnotations_Flags.ActiTimeDataProviderFlag" name="invalidLoginmethod" time="10.413"/>
  <testcase classname="testNGAnnotations_Flags.ActiTimeDataProviderFlag" name="invalidLoginmethod" time="10.557"/>
</testsuite> <!-- testNGAnnotations_Flags.ActiTimeDataProviderFlag -->
