<?xml version="1.0" encoding="UTF-8"?>
<!-- Generated by org.testng.reporters.JUnitReportReporter -->
<testsuite hostname="DESKTOP-NADPCQ4" failures="0" tests="2" name="testNGPackage.Demo" time="0.018" errors="0" timestamp="2023-11-28T12:28:04 IST" skipped="0">
  <testcase classname="testNGPackage.Demo" name="method2" time="0.001">
    <system-out>
      <![CDATA[Method2 from Demo Class]]>
    </system-out>
  </testcase> <!-- method2 -->
  <testcase classname="testNGPackage.Demo" name="method1" time="0.017">
    <system-out>
      <![CDATA[Method1 from Demo Class]]>
    </system-out>
  </testcase> <!-- method1 -->
  <system-out>
    <![CDATA[Method1 from Demo Class
Method2 from Demo Class]]>
  </system-out>
</testsuite> <!-- testNGPackage.Demo -->
